 01/04/2024 14:13:10:/todo/Get.GET took 1ms. User: unknown
 01/04/2024 14:13:54:/todo/Get.GET took 0ms. User: unknown
 01/04/2024 14:14:00:/todo/Get.GET took 0ms. User: unknown
 01/04/2024 14:14:17:/todo/Login.POST took 1ms. User: 2
 01/04/2024 14:14:24:/todo/Login.POST took 0ms. User: 2
 01/04/2024 14:14:37:/todo/Login.POST took 0ms. User: 2
 01/04/2024 14:14:56:/todo/Login.POST took 169ms. User: unknown
 01/04/2024 14:14:58:/todo/Login.POST took 1ms. User: unknown
 01/04/2024 14:14:59:/todo/Login.POST took 2ms. User: unknown
 01/04/2024 14:15:14:/todo/Get.GET took 7ms. User: unknown
 01/04/2024 14:15:29:/todo/Get.GET took 44ms. User: unknown
 01/04/2024 14:15:31:/todo/Login.POST took 0ms. User: 3
 01/04/2024 14:16:06:/todo/Login.POST took 163ms. User: unknown
 01/04/2024 14:16:33:/todo/Get.POST took 4ms. User: unknown
 01/04/2024 14:16:41:/todo/Get.POST took 2ms. User: unknown
 01/04/2024 14:16:43:/todo/Login.POST took 1ms. User: unknown
 01/04/2024 14:16:47:/todo/Login.POST took 0ms. User: unknown
 01/04/2024 14:17:08:/todo/Get.POST took 39ms. User: unknown
 01/04/2024 14:17:10:/todo/Login.POST took 1ms. User: 3
 01/04/2024 14:17:12:/todo/Get.POST took 0ms. User: unknown
 01/04/2024 14:17:15:/todo/Login.POST took 0ms. User: 3
 01/04/2024 14:17:16:/todo/Login.POST took 0ms. User: 3
 01/04/2024 14:17:16:/todo/Login.POST took 0ms. User: 3
 01/04/2024 14:17:17:/todo/Login.POST took 0ms. User: 3
 01/04/2024 14:17:17:/todo/Login.POST took 0ms. User: 3
 01/04/2024 14:17:17:/todo/Login.POST took 0ms. User: 3
 01/04/2024 14:17:17:/todo/Login.POST took 0ms. User: 3
 01/04/2024 14:17:18:/todo/Login.POST took 0ms. User: 3
 01/04/2024 14:17:18:/todo/Login.POST took 0ms. User: 3
 01/04/2024 14:17:18:/todo/Login.POST took 0ms. User: 3
 01/04/2024 14:17:19:/todo/Login.POST took 0ms. User: 3
 01/04/2024 14:17:19:/todo/Login.POST took 0ms. User: 3
 01/04/2024 14:17:19:/todo/Login.POST took 0ms. User: 3
 01/04/2024 14:17:20:/todo/Login.POST took 0ms. User: 3
 01/04/2024 14:17:20:/todo/Login.POST took 0ms. User: 3
 01/04/2024 14:17:20:/todo/Login.POST took 0ms. User: 3
 01/04/2024 14:17:20:/todo/Login.POST took 0ms. User: 3
 01/04/2024 14:17:21:/todo/Login.POST took 0ms. User: 3
 01/04/2024 14:17:21:/todo/Login.POST took 0ms. User: 3
 01/04/2024 14:17:21:/todo/Login.POST took 0ms. User: 3
 01/04/2024 14:17:21:/todo/Login.POST took 0ms. User: 3
 01/04/2024 14:17:22:/todo/Login.POST took 0ms. User: 3
 01/04/2024 14:17:24:/todo/Get.POST took 0ms. User: unknown
 01/04/2024 14:17:24:/todo/Get.POST took 0ms. User: unknown
 01/04/2024 14:17:25:/todo/Get.POST took 0ms. User: unknown
 01/04/2024 14:17:25:/todo/Get.POST took 0ms. User: unknown
 01/04/2024 14:17:25:/todo/Get.POST took 0ms. User: unknown
 01/04/2024 14:17:25:/todo/Get.POST took 0ms. User: unknown
 01/04/2024 14:20:03:/todo/Login.POST took 175ms. User: unknown
 01/04/2024 14:20:23:/todo/Get.POST took 46ms. User: unknown
 01/04/2024 14:22:42:/index.html.GET took 19ms. User: unknown
 01/04/2024 14:22:42:/js/site.js.GET took 10ms. User: unknown
 01/04/2024 14:22:43:/todo.GET took 76ms. User: unknown
 01/04/2024 14:23:19:/todo/Login.POST took 116ms. User: unknown
 01/04/2024 14:23:34:/todo/Get.POST took 45ms. User: unknown
 01/04/2024 14:23:57:/todo/Login.POST took 1ms. User: 3
 01/04/2024 14:24:53:/todo/Login.POST took 168ms. User: unknown
 01/04/2024 14:25:06:/todo/Get.POST took 43ms. User: unknown
 01/04/2024 14:27:44:/todo/Login.POST took 177ms. User: unknown
 01/04/2024 14:28:02:/todo/Get.GET took 43ms. User: unknown
 01/04/2024 14:28:18:/todo/Get.GET took 2ms. User: unknown
 01/04/2024 14:32:41:/todo/Login.POST took 1ms. User: unknown
 01/04/2024 14:32:50:/todo/Get.GET took 1ms. User: unknown
 01/04/2024 14:33:09:/todo/Get.GET took 0ms. User: unknown
 01/04/2024 14:45:32:/todo/Login.POST took 183ms. User: unknown
 01/04/2024 14:45:53:/todo/Get.GET took 46ms. User: 2
 01/04/2024 14:46:30:/todo/Login.POST took 179ms. User: unknown
 01/04/2024 14:46:55:/todo/Get.GET took 43ms. User: unknown
